<?xml version="1.0" encoding="UTF-8"?>
<!-- Generated by org.testng.reporters.JUnitXMLReporter -->
<testsuite hostname="Mohammeds-MacBook-Pro.local" failures="0" tests="4" name="Surefire test" time="71.868" errors="0" timestamp="13 Apr 2021 06:18:02 GMT">
  <testcase classname="com.browserstack.tests.SampleTest" name="testCase1" time="17.057"/>
  <testcase classname="com.browserstack.tests.SampleTest" name="testCase1" time="18.933"/>
  <testcase classname="com.browserstack.tests.SampleTest" name="testCase1" time="12.241"/>
  <testcase classname="com.browserstack.tests.SampleTest" name="testCase1" time="23.617"/>
</testsuite> <!-- Surefire test -->
