<?xml version="1.0" encoding="UTF-8"?>
<!-- Generated by org.testng.reporters.JUnitXMLReporter -->
<testsuite hostname="Mohammeds-MacBook-Pro.local" failures="0" tests="4" name="Command line test" time="66.514" errors="0" timestamp="6 May 2021 09:46:50 GMT">
  <testcase classname="com.browserstack.tests.SampleTest" name="testCase1" time="14.745"/>
  <testcase classname="com.browserstack.tests.SampleTest" name="testCase1" time="15.253"/>
  <testcase classname="com.browserstack.tests.SampleTest" name="testCase1" time="12.784"/>
  <testcase classname="com.browserstack.tests.SampleTest" name="testCase1" time="23.693"/>
</testsuite> <!-- Command line test -->
