<?xml version="1.0" encoding="UTF-8"?>
<testng-results total="4" passed="4" failed="0" skipped="0">
  <reporter-output>
  </reporter-output>
  <suite started-at="2021-04-14T10:47:51Z" name="Command line suite" finished-at="2021-04-14T10:49:17Z" duration-ms="86548">
    <groups>
    </groups>
    <test started-at="2021-04-14T10:47:51Z" name="Command line test" finished-at="2021-04-14T10:49:17Z" duration-ms="86548">
      <class name="com.browserstack.tests.SampleTest">
        <test-method signature="testCase1(org.json.simple.JSONObject)[pri:0, instance:com.browserstack.tests.SampleTest@4c1d9d4b]" started-at="2021-04-14T16:17:51Z" name="testCase1" data-provider="capabilities" finished-at="2021-04-14T16:18:11Z" duration-ms="20049" status="PASS">
          <params>
            <param index="0">
              <value>
                <![CDATA[{"browser":"chrome"}]]>
              </value>
            </param>
          </params>
          <reporter-output>
          </reporter-output>
        </test-method> <!-- testCase1 -->
        <test-method signature="testCase1(org.json.simple.JSONObject)[pri:0, instance:com.browserstack.tests.SampleTest@4c1d9d4b]" started-at="2021-04-14T16:18:11Z" name="testCase1" data-provider="capabilities" finished-at="2021-04-14T16:18:41Z" duration-ms="30398" status="PASS">
          <params>
            <param index="0">
              <value>
                <![CDATA[{"browser":"firefox"}]]>
              </value>
            </param>
          </params>
          <reporter-output>
          </reporter-output>
        </test-method> <!-- testCase1 -->
        <test-method signature="testCase1(org.json.simple.JSONObject)[pri:0, instance:com.browserstack.tests.SampleTest@4c1d9d4b]" started-at="2021-04-14T16:18:41Z" name="testCase1" data-provider="capabilities" finished-at="2021-04-14T16:18:53Z" duration-ms="12060" status="PASS">
          <params>
            <param index="0">
              <value>
                <![CDATA[{"os":"OS X","browser":"safari"}]]>
              </value>
            </param>
          </params>
          <reporter-output>
          </reporter-output>
        </test-method> <!-- testCase1 -->
        <test-method signature="testCase1(org.json.simple.JSONObject)[pri:0, instance:com.browserstack.tests.SampleTest@4c1d9d4b]" started-at="2021-04-14T16:18:53Z" name="testCase1" data-provider="capabilities" finished-at="2021-04-14T16:19:17Z" duration-ms="24026" status="PASS">
          <params>
            <param index="0">
              <value>
                <![CDATA[{"os_version":"11.0","device":"Google Pixel 4"}]]>
              </value>
            </param>
          </params>
          <reporter-output>
          </reporter-output>
        </test-method> <!-- testCase1 -->
      </class> <!-- com.browserstack.tests.SampleTest -->
    </test> <!-- Command line test -->
  </suite> <!-- Command line suite -->
</testng-results>
