<?xml version="1.0" encoding="UTF-8"?>
<!-- Generated by org.testng.reporters.JUnitXMLReporter -->
<testsuite hostname="Mohammeds-MacBook-Pro.local" failures="0" tests="4" name="Command line test" time="70.491" errors="0" timestamp="14 Apr 2021 06:25:50 GMT">
  <testcase classname="com.browserstack.tests.SampleTest" name="testCase1" time="18.851"/>
  <testcase classname="com.browserstack.tests.SampleTest" name="testCase1" time="15.743"/>
  <testcase classname="com.browserstack.tests.SampleTest" name="testCase1" time="12.13"/>
  <testcase classname="com.browserstack.tests.SampleTest" name="testCase1" time="23.755"/>
</testsuite> <!-- Command line test -->
