<?xml version="1.0" encoding="UTF-8"?>
<!-- Generated by org.testng.reporters.JUnitReportReporter -->
<testsuite hostname="Mohammeds-MacBook-Pro.local" failures="0" tests="4" name="com.browserstack.tests.SampleTest" time="86.533" errors="0" timestamp="14 Apr 2021 10:49:17 GMT">
  <testcase classname="com.browserstack.tests.SampleTest" name="testCase1" time="20.049"/>
  <testcase classname="com.browserstack.tests.SampleTest" name="testCase1" time="12.060"/>
  <testcase classname="com.browserstack.tests.SampleTest" name="testCase1" time="30.398"/>
  <testcase classname="com.browserstack.tests.SampleTest" name="testCase1" time="24.026"/>
</testsuite> <!-- com.browserstack.tests.SampleTest -->
